app/build/intermediates/manifest_merge_blame_file/debug/manifest-merger-blame-debug-report.txt
1<?xml version="1.0" encoding="utf-8"?>
2<manifest xmlns:android="http://schemas.android.com/apk/res/android"
3    package="com.example.autoclick"
4    android:versionCode="1"
5    android:versionName="1.0" >
6
7    <uses-sdk
8        android:minSdkVersion="24"
9        android:targetSdkVersion="33" />
10
11    <uses-permission android:name="android.permission.SYSTEM_ALERT_WINDOW" />
11-->src\main\AndroidManifest.xml:5:5-78
11-->src\main\AndroidManifest.xml:5:22-75
12    <uses-permission android:name="android.permission.POST_NOTIFICATIONS" />
12-->src\main\AndroidManifest.xml:6:5-77
12-->src\main\AndroidManifest.xml:6:22-74
13    <uses-permission android:name="android.permission.FOREGROUND_SERVICE" />
13-->src\main\AndroidManifest.xml:7:5-77
13-->src\main\AndroidManifest.xml:7:22-74
14    <uses-permission android:name="android.permission.WAKE_LOCK" />
14-->src\main\AndroidManifest.xml:8:5-68
14-->src\main\AndroidManifest.xml:8:22-65
15    <uses-permission android:name="android.permission.FOREGROUND_SERVICE_DATA_SYNC" />
15-->src\main\AndroidManifest.xml:9:5-87
15-->src\main\AndroidManifest.xml:9:22-84
16
17    <permission
17-->[androidx.core:core:1.9.0] AndroidManifest.xml:22:5-24:47
18        android:name="com.example.autoclick.DYNAMIC_RECEIVER_NOT_EXPORTED_PERMISSION"
18-->[androidx.core:core:1.9.0] AndroidManifest.xml:23:9-81
19        android:protectionLevel="signature" />
19-->[androidx.core:core:1.9.0] AndroidManifest.xml:24:9-44
20
21    <uses-permission android:name="com.example.autoclick.DYNAMIC_RECEIVER_NOT_EXPORTED_PERMISSION" />
21-->[androidx.core:core:1.9.0] AndroidManifest.xml:26:5-97
21-->[androidx.core:core:1.9.0] AndroidManifest.xml:26:22-94
22
23    <application
23-->src\main\AndroidManifest.xml:11:5-60:19
24        android:allowBackup="true"
24-->src\main\AndroidManifest.xml:12:9-35
25        android:appComponentFactory="androidx.core.app.CoreComponentFactory"
25-->[androidx.core:core:1.9.0] AndroidManifest.xml:28:18-86
26        android:debuggable="true"
27        android:extractNativeLibs="false"
28        android:icon="@android:drawable/ic_menu_manage"
28-->src\main\AndroidManifest.xml:13:9-56
29        android:label="@string/app_name"
29-->src\main\AndroidManifest.xml:14:9-41
30        android:testOnly="true"
31        android:theme="@style/AppTheme" >
31-->src\main\AndroidManifest.xml:15:9-40
32        <activity
32-->src\main\AndroidManifest.xml:17:9-25:20
33            android:name="com.example.autoclick.MainActivity"
33-->src\main\AndroidManifest.xml:18:13-41
34            android:exported="true"
34-->src\main\AndroidManifest.xml:19:13-36
35            android:launchMode="singleTop" >
35-->src\main\AndroidManifest.xml:20:13-43
36            <intent-filter>
36-->src\main\AndroidManifest.xml:21:13-24:29
37                <action android:name="android.intent.action.MAIN" />
37-->src\main\AndroidManifest.xml:22:17-69
37-->src\main\AndroidManifest.xml:22:25-66
38
39                <category android:name="android.intent.category.LAUNCHER" />
39-->src\main\AndroidManifest.xml:23:17-77
39-->src\main\AndroidManifest.xml:23:27-74
40            </intent-filter>
41        </activity>
42
43        <service
43-->src\main\AndroidManifest.xml:27:9-37:19
44            android:name="com.example.autoclick.AutoClickService"
44-->src\main\AndroidManifest.xml:28:13-45
45            android:exported="true"
45-->src\main\AndroidManifest.xml:30:13-36
46            android:permission="android.permission.BIND_ACCESSIBILITY_SERVICE" >
46-->src\main\AndroidManifest.xml:29:13-79
47            <intent-filter>
47-->src\main\AndroidManifest.xml:31:13-33:29
48                <action android:name="android.accessibilityservice.AccessibilityService" />
48-->src\main\AndroidManifest.xml:32:17-92
48-->src\main\AndroidManifest.xml:32:25-89
49            </intent-filter>
50
51            <meta-data
51-->src\main\AndroidManifest.xml:34:13-36:65
52                android:name="android.accessibilityservice"
52-->src\main\AndroidManifest.xml:35:17-60
53                android:resource="@xml/accessibility_service" />
53-->src\main\AndroidManifest.xml:36:17-62
54        </service>
55        <service
55-->src\main\AndroidManifest.xml:39:9-42:40
56            android:name="com.example.autoclick.CoordinateCaptureService"
56-->src\main\AndroidManifest.xml:40:13-53
57            android:enabled="true"
57-->src\main\AndroidManifest.xml:41:13-35
58            android:exported="false" />
58-->src\main\AndroidManifest.xml:42:13-37
59        <service
59-->src\main\AndroidManifest.xml:44:9-47:40
60            android:name="com.example.autoclick.CountdownOverlayService"
60-->src\main\AndroidManifest.xml:45:13-52
61            android:enabled="true"
61-->src\main\AndroidManifest.xml:46:13-35
62            android:exported="false" />
62-->src\main\AndroidManifest.xml:47:13-37
63        <service
63-->src\main\AndroidManifest.xml:49:9-52:40
64            android:name="com.example.autoclick.ClickMarkerService"
64-->src\main\AndroidManifest.xml:50:13-47
65            android:enabled="true"
65-->src\main\AndroidManifest.xml:51:13-35
66            android:exported="false" />
66-->src\main\AndroidManifest.xml:52:13-37
67        <service
67-->src\main\AndroidManifest.xml:54:9-58:56
68            android:name="com.example.autoclick.ScheduleKeepAliveService"
68-->src\main\AndroidManifest.xml:55:13-53
69            android:enabled="true"
69-->src\main\AndroidManifest.xml:56:13-35
70            android:exported="false"
70-->src\main\AndroidManifest.xml:57:13-37
71            android:foregroundServiceType="dataSync" />
71-->src\main\AndroidManifest.xml:58:13-53
72
73        <provider
73-->[androidx.emoji2:emoji2:1.2.0] AndroidManifest.xml:24:9-32:20
74            android:name="androidx.startup.InitializationProvider"
74-->[androidx.emoji2:emoji2:1.2.0] AndroidManifest.xml:25:13-67
75            android:authorities="com.example.autoclick.androidx-startup"
75-->[androidx.emoji2:emoji2:1.2.0] AndroidManifest.xml:26:13-68
76            android:exported="false" >
76-->[androidx.emoji2:emoji2:1.2.0] AndroidManifest.xml:27:13-37
77            <meta-data
77-->[androidx.emoji2:emoji2:1.2.0] AndroidManifest.xml:29:13-31:52
78                android:name="androidx.emoji2.text.EmojiCompatInitializer"
78-->[androidx.emoji2:emoji2:1.2.0] AndroidManifest.xml:30:17-75
79                android:value="androidx.startup" />
79-->[androidx.emoji2:emoji2:1.2.0] AndroidManifest.xml:31:17-49
80            <meta-data
80-->[androidx.lifecycle:lifecycle-process:2.4.1] AndroidManifest.xml:31:13-33:52
81                android:name="androidx.lifecycle.ProcessLifecycleInitializer"
81-->[androidx.lifecycle:lifecycle-process:2.4.1] AndroidManifest.xml:32:17-78
82                android:value="androidx.startup" />
82-->[androidx.lifecycle:lifecycle-process:2.4.1] AndroidManifest.xml:33:17-49
83        </provider>
84    </application>
85
86</manifest>